[ex00] PASS
ex00: OK
[ex01] PASS
ex01: OK
[ex02] PASS
ex02: OK
[ex03] FAIL: O conteúdo de 'id_rsa_pub' não é uma chave pública SSH válida.
ex03: KO
[ex04] PASS
ex04: OK
[ex07] FAIL: diff a b nao e vazio. Diferencas encontradas:
1,2c1,8
< STARWARS
< Episode IV, A NEW HOPE It is a period of civil war.
---
> Episode V, A NEW H0PE It is a period of civil war
> Rebel spaceships, striking from a hidden base, have won their first victory against the evil Galactic Empire. 
> During the battle, Rebel spies managed to steal secret plans to the Empire's ultimate weapon, the STAR DEATH, an armored space station with enough power to destroy an entire planet.
> 
> 
> Pursued by the Empire's sinister agents,
> Princess Mehdi races home aboard her starship, custodian of the stolen plans that can save her people and restore the dictatorship to the galaxie..
> 
4,6d9
< Rebel spaceships, striking from a hidden base, have won their first victory against the evil Galactic Empire.
< During the battle, Rebel spies managed to steal secret plans to the Empire's ultimate weapon, the DEATH STAR,
< an armored space station with enough power to destroy an entire planet.
8d10
< Pursued by the Empire's sinister agents, Princess Leia races home aboard her starship, custodian of the stolen plans that can save her people and restore freedom to the galaxy...
ex07: KO
[ex08] PASS
ex08: OK
[ex09] PASS
ex09: OK
